This file contains any messages produced by compilers while
running configure, to aid debugging if configure makes a mistake.

It was created by trisurf_ng configure 1.0, which was
generated by GNU Autoconf 2.69.  Invocation command line was

  $ ./configure --prefix=/home/shubsad/shubsad_user

## --------- ##
## Platform. ##
## --------- ##

hostname = login02.chemfarm
uname -m = x86_64
uname -r = 4.18.0-425.19.2.el8_7.x86_64
uname -s = Linux
uname -v = #1 SMP Fri Mar 17 01:52:38 EDT 2023

/usr/bin/uname -p = x86_64
/bin/uname -X     = unknown

/bin/arch              = x86_64
/usr/bin/arch -k       = unknown
/usr/convex/getsysinfo = unknown
/usr/bin/hostinfo      = unknown
/bin/machine           = unknown
/usr/bin/oslevel       = unknown
/bin/universe          = unknown

PATH: /apps01/apps/intel/impi/2022/libfabric/bin
PATH: /apps01/apps/intel/impi/2022/bin
PATH: /apps01/apps/intel/2022/compiler/2022.2.1/linux/bin/intel64
PATH: /apps01/apps/intel/2022/compiler/2022.2.1/linux/bin
PATH: /apps01/apps/gcc/gcc-12.2.0/bin
PATH: /usr/local/bin
PATH: /usr/bin
PATH: /usr/local/sbin
PATH: /usr/sbin
PATH: /usr/lpp/mmfs/bin
PATH: /opt/pbs/bin
PATH: /apps01/apps/bin
PATH: /opt/TurboVNC/bin
PATH: /home/shubsad/shubsad_user/bin/
PATH: /usr/lpp/mmfs/bin
PATH: /opt/pbs/bin
PATH: /apps01/apps/bin
PATH: /opt/TurboVNC/bin
PATH: /home/shubsad/shubsad_user/bin/
PATH: /home/shubsad/.local/bin
PATH: /home/shubsad/bin


## ----------- ##
## Core tests. ##
## ----------- ##

configure:2283: checking for a BSD-compatible install
configure:2351: result: /usr/bin/install -c
configure:2362: checking whether build environment is sane
configure:2417: result: yes
configure:2568: checking for a thread-safe mkdir -p
configure:2607: result: /usr/bin/mkdir -p
configure:2614: checking for gawk
configure:2630: found /usr/bin/gawk
configure:2641: result: gawk
configure:2652: checking whether make sets $(MAKE)
configure:2674: result: yes
configure:2703: checking whether make supports nested variables
configure:2720: result: yes
configure:2895: checking for gcc
configure:2911: found /apps01/apps/gcc/gcc-12.2.0/bin/gcc
configure:2922: result: gcc
configure:3151: checking for C compiler version
configure:3160: gcc --version >&5
gcc (GCC) 12.2.0
Copyright (C) 2022 Free Software Foundation, Inc.
This is free software; see the source for copying conditions.  There is NO
warranty; not even for MERCHANTABILITY or FITNESS FOR A PARTICULAR PURPOSE.

configure:3171: $? = 0
configure:3160: gcc -v >&5
Using built-in specs.
COLLECT_GCC=gcc
COLLECT_LTO_WRAPPER=/apps01/apps/gcc/gcc-12.2.0/libexec/gcc/x86_64-pc-linux-gnu/12.2.0/lto-wrapper
Target: x86_64-pc-linux-gnu
Configured with: ../configure --enable-languages=all --disable-multilib --prefix=/apps01/apps/gcc/gcc-12.2.0 --enable-shared --enable-threads=posix --enable-lto --enable-bootstrap
Thread model: posix
Supported LTO compression algorithms: zlib
gcc version 12.2.0 (GCC) 
configure:3171: $? = 0
configure:3160: gcc -V >&5
gcc: error: unrecognized command-line option '-V'
gcc: fatal error: no input files
compilation terminated.
configure:3171: $? = 1
configure:3160: gcc -qversion >&5
gcc: error: unrecognized command-line option '-qversion'; did you mean '--version'?
gcc: fatal error: no input files
compilation terminated.
configure:3171: $? = 1
configure:3191: checking whether the C compiler works
configure:3213: gcc    conftest.c  >&5
configure:3217: $? = 0
configure:3265: result: yes
configure:3268: checking for C compiler default output file name
configure:3270: result: a.out
configure:3276: checking for suffix of executables
configure:3283: gcc -o conftest    conftest.c  >&5
configure:3287: $? = 0
configure:3309: result: 
configure:3331: checking whether we are cross compiling
configure:3339: gcc -o conftest    conftest.c  >&5
configure:3343: $? = 0
configure:3350: ./conftest
configure:3354: $? = 0
configure:3369: result: no
configure:3374: checking for suffix of object files
configure:3396: gcc -c   conftest.c >&5
configure:3400: $? = 0
configure:3421: result: o
configure:3425: checking whether we are using the GNU C compiler
configure:3444: gcc -c   conftest.c >&5
configure:3444: $? = 0
configure:3453: result: yes
configure:3462: checking whether gcc accepts -g
configure:3482: gcc -c -g  conftest.c >&5
configure:3482: $? = 0
configure:3523: result: yes
configure:3540: checking for gcc option to accept ISO C89
configure:3603: gcc  -c -g -O2  conftest.c >&5
configure:3603: $? = 0
configure:3616: result: none needed
configure:3641: checking whether gcc understands -c and -o together
configure:3663: gcc -c conftest.c -o conftest2.o
configure:3666: $? = 0
configure:3663: gcc -c conftest.c -o conftest2.o
configure:3666: $? = 0
configure:3678: result: yes
configure:3698: checking whether make supports the include directive
configure:3713: make -f confmf.GNU && cat confinc.out
this is the am__doit target
configure:3716: $? = 0
configure:3735: result: yes (GNU style)
configure:3760: checking dependency style of gcc
configure:3871: result: gcc3
configure:3915: checking build system type
configure:3929: result: x86_64-pc-linux-gnu
configure:3949: checking host system type
configure:3962: result: x86_64-pc-linux-gnu
configure:4003: checking how to print strings
configure:4030: result: printf
configure:4051: checking for a sed that does not truncate output
configure:4115: result: /usr/bin/sed
configure:4133: checking for grep that handles long lines and -e
configure:4191: result: /usr/bin/grep
configure:4196: checking for egrep
configure:4258: result: /usr/bin/grep -E
configure:4263: checking for fgrep
configure:4325: result: /usr/bin/grep -F
configure:4360: checking for ld used by gcc
configure:4427: result: /usr/bin/ld
configure:4434: checking if the linker (/usr/bin/ld) is GNU ld
configure:4449: result: yes
configure:4461: checking for BSD- or MS-compatible name lister (nm)
configure:4515: result: /usr/bin/nm -B
configure:4645: checking the name lister (/usr/bin/nm -B) interface
configure:4652: gcc -c -g -O2  conftest.c >&5
configure:4655: /usr/bin/nm -B "conftest.o"
configure:4658: output
0000000000000000 B some_variable
configure:4665: result: BSD nm
configure:4668: checking whether ln -s works
configure:4672: result: yes
configure:4680: checking the maximum length of command line arguments
configure:4811: result: 1572864
configure:4859: checking how to convert x86_64-pc-linux-gnu file names to x86_64-pc-linux-gnu format
configure:4899: result: func_convert_file_noop
configure:4906: checking how to convert x86_64-pc-linux-gnu file names to toolchain format
configure:4926: result: func_convert_file_noop
configure:4933: checking for /usr/bin/ld option to reload object files
configure:4940: result: -r
configure:5014: checking for objdump
configure:5030: found /usr/bin/objdump
configure:5041: result: objdump
configure:5073: checking how to recognize dependent libraries
configure:5273: result: pass_all
configure:5358: checking for dlltool
configure:5388: result: no
configure:5418: checking how to associate runtime and link libraries
configure:5445: result: printf %s\n
configure:5506: checking for ar
configure:5522: found /usr/bin/ar
configure:5533: result: ar
configure:5570: checking for archiver @FILE support
configure:5587: gcc -c -g -O2  conftest.c >&5
configure:5587: $? = 0
configure:5590: ar cru libconftest.a @conftest.lst >&5
configure:5593: $? = 0
configure:5598: ar cru libconftest.a @conftest.lst >&5
ar: conftest.o: No such file or directory
configure:5601: $? = 1
configure:5613: result: @
configure:5671: checking for strip
configure:5687: found /usr/bin/strip
configure:5698: result: strip
configure:5770: checking for ranlib
configure:5786: found /usr/bin/ranlib
configure:5797: result: ranlib
configure:5899: checking command to parse /usr/bin/nm -B output from gcc object
configure:6052: gcc -c -g -O2  conftest.c >&5
configure:6055: $? = 0
configure:6059: /usr/bin/nm -B conftest.o \| sed -n -e 's/^.*[ ]\([ABCDGIRSTW][ABCDGIRSTW]*\)[ ][ ]*\([_A-Za-z][_A-Za-z0-9]*\)$/\1 \2 \2/p' | sed '/ __gnu_lto/d' \> conftest.nm
configure:6062: $? = 0
configure:6128: gcc -o conftest -g -O2   conftest.c conftstm.o >&5
configure:6131: $? = 0
configure:6169: result: ok
configure:6216: checking for sysroot
configure:6246: result: no
configure:6253: checking for a working dd
configure:6291: result: /usr/bin/dd
configure:6295: checking how to truncate binary pipes
configure:6310: result: /usr/bin/dd bs=4096 count=1
configure:6446: gcc -c -g -O2  conftest.c >&5
configure:6449: $? = 0
configure:6639: checking for mt
configure:6669: result: no
configure:6689: checking if : is a manifest tool
configure:6695: : '-?'
configure:6703: result: no
configure:7380: checking how to run the C preprocessor
configure:7411: gcc -E  conftest.c
configure:7411: $? = 0
configure:7425: gcc -E  conftest.c
conftest.c:11:10: fatal error: ac_nonexistent.h: No such file or directory
   11 | #include <ac_nonexistent.h>
      |          ^~~~~~~~~~~~~~~~~~
compilation terminated.
configure:7425: $? = 1
configure: failed program was:
| /* confdefs.h */
| #define PACKAGE_NAME "trisurf_ng"
| #define PACKAGE_TARNAME "trisurf_ng"
| #define PACKAGE_VERSION "1.0"
| #define PACKAGE_STRING "trisurf_ng 1.0"
| #define PACKAGE_BUGREPORT "samo.penic@fe.uni-lj.si"
| #define PACKAGE_URL ""
| #define PACKAGE "trisurf_ng"
| #define VERSION "1.0"
| /* end confdefs.h.  */
| #include <ac_nonexistent.h>
configure:7450: result: gcc -E
configure:7470: gcc -E  conftest.c
configure:7470: $? = 0
configure:7484: gcc -E  conftest.c
conftest.c:11:10: fatal error: ac_nonexistent.h: No such file or directory
   11 | #include <ac_nonexistent.h>
      |          ^~~~~~~~~~~~~~~~~~
compilation terminated.
configure:7484: $? = 1
configure: failed program was:
| /* confdefs.h */
| #define PACKAGE_NAME "trisurf_ng"
| #define PACKAGE_TARNAME "trisurf_ng"
| #define PACKAGE_VERSION "1.0"
| #define PACKAGE_STRING "trisurf_ng 1.0"
| #define PACKAGE_BUGREPORT "samo.penic@fe.uni-lj.si"
| #define PACKAGE_URL ""
| #define PACKAGE "trisurf_ng"
| #define VERSION "1.0"
| /* end confdefs.h.  */
| #include <ac_nonexistent.h>
configure:7513: checking for ANSI C header files
configure:7533: gcc -c -g -O2  conftest.c >&5
configure:7533: $? = 0
configure:7606: gcc -o conftest -g -O2   conftest.c  >&5
configure:7606: $? = 0
configure:7606: ./conftest
configure:7606: $? = 0
configure:7617: result: yes
configure:7630: checking for sys/types.h
configure:7630: gcc -c -g -O2  conftest.c >&5
configure:7630: $? = 0
configure:7630: result: yes
configure:7630: checking for sys/stat.h
configure:7630: gcc -c -g -O2  conftest.c >&5
configure:7630: $? = 0
configure:7630: result: yes
configure:7630: checking for stdlib.h
configure:7630: gcc -c -g -O2  conftest.c >&5
configure:7630: $? = 0
configure:7630: result: yes
configure:7630: checking for string.h
configure:7630: gcc -c -g -O2  conftest.c >&5
configure:7630: $? = 0
configure:7630: result: yes
configure:7630: checking for memory.h
configure:7630: gcc -c -g -O2  conftest.c >&5
configure:7630: $? = 0
configure:7630: result: yes
configure:7630: checking for strings.h
configure:7630: gcc -c -g -O2  conftest.c >&5
configure:7630: $? = 0
configure:7630: result: yes
configure:7630: checking for inttypes.h
configure:7630: gcc -c -g -O2  conftest.c >&5
configure:7630: $? = 0
configure:7630: result: yes
configure:7630: checking for stdint.h
configure:7630: gcc -c -g -O2  conftest.c >&5
configure:7630: $? = 0
configure:7630: result: yes
configure:7630: checking for unistd.h
configure:7630: gcc -c -g -O2  conftest.c >&5
configure:7630: $? = 0
configure:7630: result: yes
configure:7644: checking for dlfcn.h
configure:7644: gcc -c -g -O2  conftest.c >&5
configure:7644: $? = 0
configure:7644: result: yes
configure:7900: checking for objdir
configure:7915: result: .libs
configure:8175: checking if gcc supports -fno-rtti -fno-exceptions
configure:8193: gcc -c -g -O2  -fno-rtti -fno-exceptions conftest.c >&5
cc1: warning: command-line option '-fno-rtti' is valid for C++/D/ObjC++ but not for C
configure:8197: $? = 0
configure:8210: result: no
configure:8568: checking for gcc option to produce PIC
configure:8575: result: -fPIC -DPIC
configure:8583: checking if gcc PIC flag -fPIC -DPIC works
configure:8601: gcc -c -g -O2  -fPIC -DPIC -DPIC conftest.c >&5
configure:8605: $? = 0
configure:8618: result: yes
configure:8647: checking if gcc static flag -static works
configure:8675: result: yes
configure:8690: checking if gcc supports -c -o file.o
configure:8711: gcc -c -g -O2  -o out/conftest2.o conftest.c >&5
configure:8715: $? = 0
configure:8737: result: yes
configure:8745: checking if gcc supports -c -o file.o
configure:8792: result: yes
configure:8825: checking whether the gcc linker (/usr/bin/ld -m elf_x86_64) supports shared libraries
configure:10084: result: yes
configure:10121: checking whether -lc should be explicitly linked in
configure:10129: gcc -c -g -O2  conftest.c >&5
configure:10132: $? = 0
configure:10147: gcc -shared  -fPIC -DPIC conftest.o  -v -Wl,-soname -Wl,conftest -o conftest 2\>\&1 \| /usr/bin/grep  -lc  \>/dev/null 2\>\&1
configure:10150: $? = 0
configure:10164: result: no
configure:10324: checking dynamic linker characteristics
configure:10905: gcc -o conftest -g -O2   -Wl,-rpath -Wl,/foo conftest.c  >&5
configure:10905: $? = 0
configure:11145: result: GNU/Linux ld.so
configure:11267: checking how to hardcode library paths into programs
configure:11292: result: immediate
configure:11840: checking whether stripping libraries is possible
configure:11845: result: yes
configure:11880: checking if libtool supports shared libraries
configure:11882: result: yes
configure:11885: checking whether to build shared libraries
configure:11910: result: yes
configure:11913: checking whether to build static libraries
configure:11917: result: yes
configure:11957: checking for cfg_parse in -lconfuse
configure:11982: gcc -o conftest -g -O2   conftest.c -lconfuse   >&5
configure:11982: $? = 0
configure:11991: result: yes
configure:12003: checking for pow in -lm
configure:12028: gcc -o conftest -g -O2   conftest.c -lm  -lconfuse  >&5
conftest.c:31:6: warning: conflicting types for built-in function 'pow'; expected 'double(double,  double)' [-Wbuiltin-declaration-mismatch]
   31 | char pow ();
      |      ^~~
conftest.c:1:1: note: 'pow' is declared in header '<math.h>'
    1 | /* confdefs.h */
configure:12028: $? = 0
configure:12037: result: yes
configure:12049: checking for cblas_dgemm in -lgslcblas
configure:12074: gcc -o conftest -g -O2   conftest.c -lgslcblas  -lm -lconfuse  >&5
configure:12074: $? = 0
configure:12083: result: yes
configure:12094: checking for gsl_blas_dgemm in -lgsl
configure:12119: gcc -o conftest -g -O2   conftest.c -lgsl  -lgslcblas -lm -lconfuse  >&5
configure:12119: $? = 0
configure:12128: result: yes
configure:12194: checking for pkg-config
configure:12212: found /usr/bin/pkg-config
configure:12224: result: /usr/bin/pkg-config
configure:12249: checking pkg-config is at least version 0.9.0
configure:12252: result: yes
configure:12262: checking for libxml2
configure:12269: $PKG_CONFIG --exists --print-errors "libxml-2.0"
configure:12272: $? = 0
configure:12286: $PKG_CONFIG --exists --print-errors "libxml-2.0"
configure:12289: $? = 0
configure:12347: result: yes
configure:12351: checking for deflate in -lz
configure:12376: gcc -o conftest -g -O2   conftest.c -lz  -lgsl -lgslcblas -lm -lconfuse  >&5
configure:12376: $? = 0
configure:12385: result: yes
configure:12401: checking for stdlib.h
configure:12401: result: yes
configure:12401: checking for string.h
configure:12401: result: yes
configure:12413: checking for inline
configure:12429: gcc -c -g -O2  conftest.c >&5
configure:12429: $? = 0
configure:12437: result: inline
configure:12456: checking whether to enable debugging
configure:12472: result: no
configure:12483: checking for stdlib.h
configure:12483: result: yes
configure:12493: checking for GNU libc compatible malloc
configure:12517: gcc -o conftest -O3 -ffast-math   conftest.c -lz -lgsl -lgslcblas -lm -lconfuse  >&5
configure:12517: $? = 0
configure:12517: ./conftest
configure:12517: $? = 0
configure:12527: result: yes
configure:12550: checking for stdlib.h
configure:12550: result: yes
configure:12560: checking for GNU libc compatible realloc
configure:12584: gcc -o conftest -O3 -ffast-math   conftest.c -lz -lgsl -lgslcblas -lm -lconfuse  >&5
configure:12584: $? = 0
configure:12584: ./conftest
configure:12584: $? = 0
configure:12594: result: yes
configure:12618: checking for pow
configure:12618: gcc -o conftest -O3 -ffast-math   conftest.c -lz -lgsl -lgslcblas -lm -lconfuse  >&5
conftest.c:57:6: warning: conflicting types for built-in function 'pow'; expected 'double(double,  double)' [-Wbuiltin-declaration-mismatch]
   57 | char pow ();
      |      ^~~
conftest.c:45:1: note: 'pow' is declared in header '<math.h>'
   44 | # include <limits.h>
   45 | #else
configure:12618: $? = 0
configure:12618: result: yes
configure:12618: checking for sqrt
configure:12618: gcc -o conftest -O3 -ffast-math   conftest.c -lz -lgsl -lgslcblas -lm -lconfuse  >&5
conftest.c:58:6: warning: conflicting types for built-in function 'sqrt'; expected 'double(double)' [-Wbuiltin-declaration-mismatch]
   58 | char sqrt ();
      |      ^~~~
conftest.c:46:1: note: 'sqrt' is declared in header '<math.h>'
   45 | # include <limits.h>
   46 | #else
configure:12618: $? = 0
configure:12618: result: yes
configure:12618: checking for strndup
configure:12618: gcc -o conftest -O3 -ffast-math   conftest.c -lz -lgsl -lgslcblas -lm -lconfuse  >&5
conftest.c:59:6: warning: conflicting types for built-in function 'strndup'; expected 'char *(const char *, long unsigned int)' [-Wbuiltin-declaration-mismatch]
   59 | char strndup ();
      |      ^~~~~~~
configure:12618: $? = 0
configure:12618: result: yes
configure:12739: checking that generated files are newer than configure
configure:12745: result: done
configure:12768: creating ./config.status

## ---------------------- ##
## Running config.status. ##
## ---------------------- ##

This file was extended by trisurf_ng config.status 1.0, which was
generated by GNU Autoconf 2.69.  Invocation command line was

  CONFIG_FILES    = 
  CONFIG_HEADERS  = 
  CONFIG_LINKS    = 
  CONFIG_COMMANDS = 
  $ ./config.status 

on login02.chemfarm

config.status:1103: creating Makefile
config.status:1103: creating src/Makefile
config.status:1103: creating config.h
config.status:1284: config.h is unchanged
config.status:1332: executing depfiles commands
config.status:1409: cd src       && sed -e '/# am--include-marker/d' Makefile         | make -f - am--depfiles
make: Nothing to be done for 'am--depfiles'.
config.status:1414: $? = 0
config.status:1332: executing libtool commands

## ---------------- ##
## Cache variables. ##
## ---------------- ##

ac_cv_build=x86_64-pc-linux-gnu
ac_cv_c_compiler_gnu=yes
ac_cv_c_inline=inline
ac_cv_env_CC_set=
ac_cv_env_CC_value=
ac_cv_env_CFLAGS_set=
ac_cv_env_CFLAGS_value=
ac_cv_env_CPPFLAGS_set=
ac_cv_env_CPPFLAGS_value=
ac_cv_env_CPP_set=
ac_cv_env_CPP_value=
ac_cv_env_LDFLAGS_set=
ac_cv_env_LDFLAGS_value=
ac_cv_env_LIBS_set=
ac_cv_env_LIBS_value=
ac_cv_env_LT_SYS_LIBRARY_PATH_set=
ac_cv_env_LT_SYS_LIBRARY_PATH_value=
ac_cv_env_PKG_CONFIG_LIBDIR_set=
ac_cv_env_PKG_CONFIG_LIBDIR_value=
ac_cv_env_PKG_CONFIG_PATH_set=set
ac_cv_env_PKG_CONFIG_PATH_value=/home/shubsad/local/lib/pkgconfig:/home/shubsad/local/lib/pkgconfig:/apps01/apps/intel/2022/mkl/2022.2.1/lib/pkgconfig
ac_cv_env_PKG_CONFIG_set=
ac_cv_env_PKG_CONFIG_value=
ac_cv_env_build_alias_set=
ac_cv_env_build_alias_value=
ac_cv_env_host_alias_set=
ac_cv_env_host_alias_value=
ac_cv_env_libxml2_CFLAGS_set=
ac_cv_env_libxml2_CFLAGS_value=
ac_cv_env_libxml2_LIBS_set=
ac_cv_env_libxml2_LIBS_value=
ac_cv_env_target_alias_set=
ac_cv_env_target_alias_value=
ac_cv_func_malloc_0_nonnull=yes
ac_cv_func_pow=yes
ac_cv_func_realloc_0_nonnull=yes
ac_cv_func_sqrt=yes
ac_cv_func_strndup=yes
ac_cv_header_dlfcn_h=yes
ac_cv_header_inttypes_h=yes
ac_cv_header_memory_h=yes
ac_cv_header_stdc=yes
ac_cv_header_stdint_h=yes
ac_cv_header_stdlib_h=yes
ac_cv_header_string_h=yes
ac_cv_header_strings_h=yes
ac_cv_header_sys_stat_h=yes
ac_cv_header_sys_types_h=yes
ac_cv_header_unistd_h=yes
ac_cv_host=x86_64-pc-linux-gnu
ac_cv_lib_confuse_cfg_parse=yes
ac_cv_lib_gsl_gsl_blas_dgemm=yes
ac_cv_lib_gslcblas_cblas_dgemm=yes
ac_cv_lib_m_pow=yes
ac_cv_lib_z_deflate=yes
ac_cv_objext=o
ac_cv_path_EGREP='/usr/bin/grep -E'
ac_cv_path_FGREP='/usr/bin/grep -F'
ac_cv_path_GREP=/usr/bin/grep
ac_cv_path_SED=/usr/bin/sed
ac_cv_path_ac_pt_PKG_CONFIG=/usr/bin/pkg-config
ac_cv_path_install='/usr/bin/install -c'
ac_cv_path_lt_DD=/usr/bin/dd
ac_cv_path_mkdir=/usr/bin/mkdir
ac_cv_prog_AWK=gawk
ac_cv_prog_CPP='gcc -E'
ac_cv_prog_ac_ct_AR=ar
ac_cv_prog_ac_ct_CC=gcc
ac_cv_prog_ac_ct_OBJDUMP=objdump
ac_cv_prog_ac_ct_RANLIB=ranlib
ac_cv_prog_ac_ct_STRIP=strip
ac_cv_prog_cc_c89=
ac_cv_prog_cc_g=yes
ac_cv_prog_make_make_set=yes
am_cv_CC_dependencies_compiler_type=gcc3
am_cv_make_support_nested_variables=yes
am_cv_prog_cc_c_o=yes
lt_cv_ar_at_file=@
lt_cv_archive_cmds_need_lc=no
lt_cv_deplibs_check_method=pass_all
lt_cv_file_magic_cmd='$MAGIC_CMD'
lt_cv_file_magic_test_file=
lt_cv_ld_reload_flag=-r
lt_cv_nm_interface='BSD nm'
lt_cv_objdir=.libs
lt_cv_path_LD=/usr/bin/ld
lt_cv_path_NM='/usr/bin/nm -B'
lt_cv_path_mainfest_tool=no
lt_cv_prog_compiler_c_o=yes
lt_cv_prog_compiler_pic='-fPIC -DPIC'
lt_cv_prog_compiler_pic_works=yes
lt_cv_prog_compiler_rtti_exceptions=no
lt_cv_prog_compiler_static_works=yes
lt_cv_prog_gnu_ld=yes
lt_cv_sharedlib_from_linklib_cmd='printf %s\n'
lt_cv_shlibpath_overrides_runpath=no
lt_cv_sys_global_symbol_pipe='sed -n -e '\''s/^.*[	 ]\([ABCDGIRSTW][ABCDGIRSTW]*\)[	 ][	 ]*\([_A-Za-z][_A-Za-z0-9]*\)$/\1 \2 \2/p'\'' | sed '\''/ __gnu_lto/d'\'''
lt_cv_sys_global_symbol_to_c_name_address='sed -n -e '\''s/^: \(.*\) .*$/  {"\1", (void *) 0},/p'\'' -e '\''s/^[ABCDGIRSTW][ABCDGIRSTW]* .* \(.*\)$/  {"\1", (void *) \&\1},/p'\'''
lt_cv_sys_global_symbol_to_c_name_address_lib_prefix='sed -n -e '\''s/^: \(.*\) .*$/  {"\1", (void *) 0},/p'\'' -e '\''s/^[ABCDGIRSTW][ABCDGIRSTW]* .* \(lib.*\)$/  {"\1", (void *) \&\1},/p'\'' -e '\''s/^[ABCDGIRSTW][ABCDGIRSTW]* .* \(.*\)$/  {"lib\1", (void *) \&\1},/p'\'''
lt_cv_sys_global_symbol_to_cdecl='sed -n -e '\''s/^T .* \(.*\)$/extern int \1();/p'\'' -e '\''s/^[ABCDGIRSTW][ABCDGIRSTW]* .* \(.*\)$/extern char \1;/p'\'''
lt_cv_sys_global_symbol_to_import=
lt_cv_sys_max_cmd_len=1572864
lt_cv_to_host_file_cmd=func_convert_file_noop
lt_cv_to_tool_file_cmd=func_convert_file_noop
lt_cv_truncate_bin='/usr/bin/dd bs=4096 count=1'
pkg_cv_libxml2_CFLAGS='-I/usr/include/libxml2 '
pkg_cv_libxml2_LIBS='-lxml2 '

## ----------------- ##
## Output variables. ##
## ----------------- ##

ACLOCAL='${SHELL} /gpfs01/home/shubsad/codes/trisurf_UCSP_dev6/missing aclocal-1.16'
AMDEPBACKSLASH='\'
AMDEP_FALSE='#'
AMDEP_TRUE=''
AMTAR='$${TAR-tar}'
AM_BACKSLASH='\'
AM_DEFAULT_V='$(AM_DEFAULT_VERBOSITY)'
AM_DEFAULT_VERBOSITY='1'
AM_V='$(V)'
AR='ar'
AUTOCONF='${SHELL} /gpfs01/home/shubsad/codes/trisurf_UCSP_dev6/missing autoconf'
AUTOHEADER='${SHELL} /gpfs01/home/shubsad/codes/trisurf_UCSP_dev6/missing autoheader'
AUTOMAKE='${SHELL} /gpfs01/home/shubsad/codes/trisurf_UCSP_dev6/missing automake-1.16'
AWK='gawk'
CC='gcc'
CCDEPMODE='depmode=gcc3'
CFLAGS='-O3 -ffast-math'
CPP='gcc -E'
CPPFLAGS=''
CYGPATH_W='echo'
DEFS='-DHAVE_CONFIG_H'
DEPDIR='.deps'
DLLTOOL='false'
DSYMUTIL=''
DUMPBIN=''
ECHO_C=''
ECHO_N='-n'
ECHO_T=''
EGREP='/usr/bin/grep -E'
EXEEXT=''
FGREP='/usr/bin/grep -F'
GREP='/usr/bin/grep'
INSTALL_DATA='${INSTALL} -m 644'
INSTALL_PROGRAM='${INSTALL}'
INSTALL_SCRIPT='${INSTALL}'
INSTALL_STRIP_PROGRAM='$(install_sh) -c -s'
LD='/usr/bin/ld -m elf_x86_64'
LDFLAGS=''
LIBOBJS=''
LIBS='-lz -lgsl -lgslcblas -lm -lconfuse '
LIBTOOL='$(SHELL) $(top_builddir)/libtool'
LIPO=''
LN_S='ln -s'
LTLIBOBJS=''
LT_SYS_LIBRARY_PATH=''
MAKEINFO='${SHELL} /gpfs01/home/shubsad/codes/trisurf_UCSP_dev6/missing makeinfo'
MANIFEST_TOOL=':'
MKDIR_P='/usr/bin/mkdir -p'
NM='/usr/bin/nm -B'
NMEDIT=''
OBJDUMP='objdump'
OBJEXT='o'
OTOOL64=''
OTOOL=''
PACKAGE='trisurf_ng'
PACKAGE_BUGREPORT='samo.penic@fe.uni-lj.si'
PACKAGE_NAME='trisurf_ng'
PACKAGE_STRING='trisurf_ng 1.0'
PACKAGE_TARNAME='trisurf_ng'
PACKAGE_URL=''
PACKAGE_VERSION='1.0'
PATH_SEPARATOR=':'
PKG_CONFIG='/usr/bin/pkg-config'
PKG_CONFIG_LIBDIR=''
PKG_CONFIG_PATH='/home/shubsad/local/lib/pkgconfig:/home/shubsad/local/lib/pkgconfig:/apps01/apps/intel/2022/mkl/2022.2.1/lib/pkgconfig'
RANLIB='ranlib'
SED='/usr/bin/sed'
SET_MAKE=''
SHELL='/bin/sh'
STRIP='strip'
VERSION='1.0'
ac_ct_AR='ar'
ac_ct_CC='gcc'
ac_ct_DUMPBIN=''
am__EXEEXT_FALSE=''
am__EXEEXT_TRUE='#'
am__fastdepCC_FALSE='#'
am__fastdepCC_TRUE=''
am__include='include'
am__isrc=''
am__leading_dot='.'
am__nodep='_no'
am__quote=''
am__tar='$${TAR-tar} chof - "$$tardir"'
am__untar='$${TAR-tar} xf -'
bindir='${exec_prefix}/bin'
build='x86_64-pc-linux-gnu'
build_alias=''
build_cpu='x86_64'
build_os='linux-gnu'
build_vendor='pc'
datadir='${datarootdir}'
datarootdir='${prefix}/share'
docdir='${datarootdir}/doc/${PACKAGE_TARNAME}'
dvidir='${docdir}'
exec_prefix='${prefix}'
host='x86_64-pc-linux-gnu'
host_alias=''
host_cpu='x86_64'
host_os='linux-gnu'
host_vendor='pc'
htmldir='${docdir}'
includedir='${prefix}/include'
infodir='${datarootdir}/info'
install_sh='${SHELL} /gpfs01/home/shubsad/codes/trisurf_UCSP_dev6/install-sh'
libdir='${exec_prefix}/lib'
libexecdir='${exec_prefix}/libexec'
libxml2_CFLAGS='-I/usr/include/libxml2 '
libxml2_LIBS='-lxml2 '
localedir='${datarootdir}/locale'
localstatedir='${prefix}/var'
mandir='${datarootdir}/man'
mkdir_p='$(MKDIR_P)'
oldincludedir='/usr/include'
pdfdir='${docdir}'
prefix='/home/shubsad/shubsad_user'
program_transform_name='s,x,x,'
psdir='${docdir}'
sbindir='${exec_prefix}/sbin'
sharedstatedir='${prefix}/com'
sysconfdir='${prefix}/etc'
target_alias=''

## ----------- ##
## confdefs.h. ##
## ----------- ##

/* confdefs.h */
#define PACKAGE_NAME "trisurf_ng"
#define PACKAGE_TARNAME "trisurf_ng"
#define PACKAGE_VERSION "1.0"
#define PACKAGE_STRING "trisurf_ng 1.0"
#define PACKAGE_BUGREPORT "samo.penic@fe.uni-lj.si"
#define PACKAGE_URL ""
#define PACKAGE "trisurf_ng"
#define VERSION "1.0"
#define STDC_HEADERS 1
#define HAVE_SYS_TYPES_H 1
#define HAVE_SYS_STAT_H 1
#define HAVE_STDLIB_H 1
#define HAVE_STRING_H 1
#define HAVE_MEMORY_H 1
#define HAVE_STRINGS_H 1
#define HAVE_INTTYPES_H 1
#define HAVE_STDINT_H 1
#define HAVE_UNISTD_H 1
#define HAVE_DLFCN_H 1
#define LT_OBJDIR ".libs/"
#define HAVE_LIBCONFUSE 1
#define HAVE_LIBM 1
#define HAVE_LIBGSLCBLAS 1
#define HAVE_LIBGSL 1
#define HAVE_LIBZ 1
#define HAVE_STDLIB_H 1
#define HAVE_STRING_H 1
#define HAVE_STDLIB_H 1
#define HAVE_MALLOC 1
#define HAVE_STDLIB_H 1
#define HAVE_REALLOC 1
#define HAVE_POW 1
#define HAVE_SQRT 1
#define HAVE_STRNDUP 1

configure: exit 0
